<?xml version="1.0" encoding="UTF-8"?>
<!-- Generated by org.testng.reporters.JUnitReportReporter -->
<testsuite hostname="LAPTOP-Q2CKDEE8" failures="0" tests="1" name="RestPackage.Base" time="7.388" errors="0" timestamp="2021-10-07T11:45:42 IST" skipped="0">
  <testcase classname="RestPackage.Base" name="Tc1" time="7.388"/>
</testsuite> <!-- RestPackage.Base -->
